<?xml version="1.0" encoding="UTF-8"?>
<!-- Generated by org.testng.reporters.JUnitXMLReporter -->
<testsuite ignored="0" hostname="DESKTOP-23IQLTI" failures="0" tests="4" name="Surefire test" time="0.085" errors="0" timestamp="03 Mar 2025 05:35:20 GMT">
  <testcase classname="pac1.ContactTest" name="createContactTest" time="0.018"/>
  <testcase classname="pac1.ContactTest" name="modifyContactTest" time="0.002"/>
  <testcase classname="pac2.OrgTest" name="createOrgTest" time="0.002"/>
  <testcase classname="pac2.OrgTest" name="modifyOrgTest" time="0.002"/>
</testsuite> <!-- Surefire test -->
