<?xml version="1.0" encoding="UTF-8"?>
<testng-results ignored="0" total="1" passed="0" failed="0" skipped="1">
  <reporter-output>
  </reporter-output>
  <suite started-at="2025-05-02T16:12:57 IST" name="Default suite" finished-at="2025-05-02T16:12:59 IST" duration-ms="2333">
    <groups>
    </groups>
    <test started-at="2025-05-02T16:12:57 IST" name="Default test" finished-at="2025-05-02T16:12:59 IST" duration-ms="2333">
      <class name="com.appium.news18.Scenario1">
        <test-method is-config="true" signature="startServer()[pri:0, instance:com.appium.news18.Scenario1@f09733f]" started-at="2025-05-02T16:12:49 IST" name="startServer" finished-at="2025-05-02T16:12:57 IST" duration-ms="7691" status="PASS">
          <reporter-output>
          </reporter-output>
        </test-method> <!-- startServer -->
        <test-method is-config="true" signature="launchApp()[pri:0, instance:com.appium.news18.Scenario1@f09733f]" started-at="2025-05-02T16:12:57 IST" name="launchApp" finished-at="2025-05-02T16:12:59 IST" duration-ms="2228" status="FAIL">
          <exception class="org.openqa.selenium.SessionNotCreatedException">
            <message>
              <![CDATA[Could not start a new session. Response code 500. Message: An unknown server-side error occurred while processing the command. Original error: Neither ANDROID_HOME nor ANDROID_SDK_ROOT environment variable was exported. Read https://developer.android.com/studio/command-line/variables for more details 
Host info: host: 'DESKTOP-23IQLTI', ip: '10.10.20.229'
Build info: version: '4.13.0', revision: 'ba948ece5b*'
System info: os.name: 'Windows 10', os.arch: 'amd64', os.version: '10.0', java.version: '21.0.4'
Driver info: io.appium.java_client.android.AndroidDriver
Command: [null, newSession {capabilities=[{appium:Udid=f3a09c5c, appium:appActivity=com.divum.ibn.ui.basescreen.views.MainActivity, appium:appPackage=com.divum.ibn, appium:autoGrantPermissions=true, appium:automationName=uiautomator2, appium:deviceName=realme 12 Pro 5G, appium:ignoreHiddenApiPolicyError=true, appium:noReset=true, platformName=ANDROID}], desiredCapabilities=Capabilities {Udid: f3a09c5c, appActivity: com.divum.ibn.ui.basescreen..., appPackage: com.divum.ibn, autoGrantPermissions: true, automationName: uiautomator2, deviceName: realme 12 Pro 5G, ignoreHiddenApiPolicyError: true, noReset: true, platformName: ANDROID}}]
Capabilities {Udid: f3a09c5c, appActivity: com.divum.ibn.ui.basescreen..., appPackage: com.divum.ibn, autoGrantPermissions: true, automationName: uiautomator2, deviceName: realme 12 Pro 5G, ignoreHiddenApiPolicyError: true, noReset: true, platformName: ANDROID}]]>
            </message>
            <full-stacktrace>
              <![CDATA[org.openqa.selenium.SessionNotCreatedException: Could not start a new session. Response code 500. Message: An unknown server-side error occurred while processing the command. Original error: Neither ANDROID_HOME nor ANDROID_SDK_ROOT environment variable was exported. Read https://developer.android.com/studio/command-line/variables for more details 
Host info: host: 'DESKTOP-23IQLTI', ip: '10.10.20.229'
Build info: version: '4.13.0', revision: 'ba948ece5b*'
System info: os.name: 'Windows 10', os.arch: 'amd64', os.version: '10.0', java.version: '21.0.4'
Driver info: io.appium.java_client.android.AndroidDriver
Command: [null, newSession {capabilities=[{appium:Udid=f3a09c5c, appium:appActivity=com.divum.ibn.ui.basescreen.views.MainActivity, appium:appPackage=com.divum.ibn, appium:autoGrantPermissions=true, appium:automationName=uiautomator2, appium:deviceName=realme 12 Pro 5G, appium:ignoreHiddenApiPolicyError=true, appium:noReset=true, platformName=ANDROID}], desiredCapabilities=Capabilities {Udid: f3a09c5c, appActivity: com.divum.ibn.ui.basescreen..., appPackage: com.divum.ibn, autoGrantPermissions: true, automationName: uiautomator2, deviceName: realme 12 Pro 5G, ignoreHiddenApiPolicyError: true, noReset: true, platformName: ANDROID}}]
Capabilities {Udid: f3a09c5c, appActivity: com.divum.ibn.ui.basescreen..., appPackage: com.divum.ibn, autoGrantPermissions: true, automationName: uiautomator2, deviceName: realme 12 Pro 5G, ignoreHiddenApiPolicyError: true, noReset: true, platformName: ANDROID}
at org.openqa.selenium.remote.ProtocolHandshake.createSession(ProtocolHandshake.java:140)
at java.base/jdk.internal.reflect.DirectMethodHandleAccessor.invoke(DirectMethodHandleAccessor.java:103)
at java.base/java.lang.reflect.Method.invoke(Method.java:580)
at io.appium.java_client.remote.AppiumProtocolHandshake.createSession(AppiumProtocolHandshake.java:133)
at io.appium.java_client.remote.AppiumProtocolHandshake.createSession(AppiumProtocolHandshake.java:102)
at io.appium.java_client.remote.AppiumCommandExecutor.createSession(AppiumCommandExecutor.java:182)
at io.appium.java_client.remote.AppiumCommandExecutor.execute(AppiumCommandExecutor.java:250)
at org.openqa.selenium.remote.RemoteWebDriver.execute(RemoteWebDriver.java:602)
at io.appium.java_client.AppiumDriver.startSession(AppiumDriver.java:274)
at org.openqa.selenium.remote.RemoteWebDriver.<init>(RemoteWebDriver.java:163)
at io.appium.java_client.AppiumDriver.<init>(AppiumDriver.java:89)
at io.appium.java_client.AppiumDriver.<init>(AppiumDriver.java:101)
at io.appium.java_client.android.AndroidDriver.<init>(AndroidDriver.java:113)
at Utilities.BaseClass.launchApp(BaseClass.java:58)
at java.base/jdk.internal.reflect.DirectMethodHandleAccessor.invoke(DirectMethodHandleAccessor.java:103)
at java.base/java.lang.reflect.Method.invoke(Method.java:580)
at org.testng.internal.MethodInvocationHelper.invokeMethod(MethodInvocationHelper.java:133)
at org.testng.internal.MethodInvocationHelper.invokeMethodConsideringTimeout(MethodInvocationHelper.java:62)
at org.testng.internal.ConfigInvoker.invokeConfigurationMethod(ConfigInvoker.java:385)
at org.testng.internal.ConfigInvoker.invokeConfigurations(ConfigInvoker.java:321)
at org.testng.internal.TestMethodWorker.invokeBeforeClassMethods(TestMethodWorker.java:176)
at org.testng.internal.TestMethodWorker.run(TestMethodWorker.java:122)
at java.base/java.util.ArrayList.forEach(ArrayList.java:1596)
at org.testng.TestRunner.privateRun(TestRunner.java:794)
at org.testng.TestRunner.run(TestRunner.java:596)
at org.testng.SuiteRunner.runTest(SuiteRunner.java:377)
at org.testng.SuiteRunner.runSequentially(SuiteRunner.java:371)
at org.testng.SuiteRunner.privateRun(SuiteRunner.java:332)
at org.testng.SuiteRunner.run(SuiteRunner.java:276)
at org.testng.SuiteRunnerWorker.runSuite(SuiteRunnerWorker.java:53)
at org.testng.SuiteRunnerWorker.run(SuiteRunnerWorker.java:96)
at org.testng.TestNG.runSuitesSequentially(TestNG.java:1212)
at org.testng.TestNG.runSuitesLocally(TestNG.java:1134)
at org.testng.TestNG.runSuites(TestNG.java:1063)
at org.testng.TestNG.run(TestNG.java:1031)
at org.testng.remote.AbstractRemoteTestNG.run(AbstractRemoteTestNG.java:115)
at org.testng.remote.RemoteTestNG.initAndRun(RemoteTestNG.java:293)
at org.testng.remote.RemoteTestNG.main(RemoteTestNG.java:91)
]]>
            </full-stacktrace>
          </exception> <!-- org.openqa.selenium.SessionNotCreatedException -->
          <reporter-output>
          </reporter-output>
        </test-method> <!-- launchApp -->
        <test-method is-config="true" signature="configBM()[pri:0, instance:com.appium.news18.Scenario1@f09733f]" started-at="2025-05-02T16:12:59 IST" name="configBM" finished-at="1970-01-01T05:30:00 IST" duration-ms="-1746182579559" status="SKIP">
          <reporter-output>
          </reporter-output>
        </test-method> <!-- configBM -->
        <test-method signature="test1()[pri:0, instance:com.appium.news18.Scenario1@f09733f]" started-at="2025-05-02T16:12:59 IST" name="test1" finished-at="2025-05-02T16:12:59 IST" duration-ms="0" status="SKIP">
          <exception class="org.openqa.selenium.SessionNotCreatedException">
            <message>
              <![CDATA[Could not start a new session. Response code 500. Message: An unknown server-side error occurred while processing the command. Original error: Neither ANDROID_HOME nor ANDROID_SDK_ROOT environment variable was exported. Read https://developer.android.com/studio/command-line/variables for more details 
Host info: host: 'DESKTOP-23IQLTI', ip: '10.10.20.229'
Build info: version: '4.13.0', revision: 'ba948ece5b*'
System info: os.name: 'Windows 10', os.arch: 'amd64', os.version: '10.0', java.version: '21.0.4'
Driver info: io.appium.java_client.android.AndroidDriver
Command: [null, newSession {capabilities=[{appium:Udid=f3a09c5c, appium:appActivity=com.divum.ibn.ui.basescreen.views.MainActivity, appium:appPackage=com.divum.ibn, appium:autoGrantPermissions=true, appium:automationName=uiautomator2, appium:deviceName=realme 12 Pro 5G, appium:ignoreHiddenApiPolicyError=true, appium:noReset=true, platformName=ANDROID}], desiredCapabilities=Capabilities {Udid: f3a09c5c, appActivity: com.divum.ibn.ui.basescreen..., appPackage: com.divum.ibn, autoGrantPermissions: true, automationName: uiautomator2, deviceName: realme 12 Pro 5G, ignoreHiddenApiPolicyError: true, noReset: true, platformName: ANDROID}}]
Capabilities {Udid: f3a09c5c, appActivity: com.divum.ibn.ui.basescreen..., appPackage: com.divum.ibn, autoGrantPermissions: true, automationName: uiautomator2, deviceName: realme 12 Pro 5G, ignoreHiddenApiPolicyError: true, noReset: true, platformName: ANDROID}]]>
            </message>
            <full-stacktrace>
              <![CDATA[org.openqa.selenium.SessionNotCreatedException: Could not start a new session. Response code 500. Message: An unknown server-side error occurred while processing the command. Original error: Neither ANDROID_HOME nor ANDROID_SDK_ROOT environment variable was exported. Read https://developer.android.com/studio/command-line/variables for more details 
Host info: host: 'DESKTOP-23IQLTI', ip: '10.10.20.229'
Build info: version: '4.13.0', revision: 'ba948ece5b*'
System info: os.name: 'Windows 10', os.arch: 'amd64', os.version: '10.0', java.version: '21.0.4'
Driver info: io.appium.java_client.android.AndroidDriver
Command: [null, newSession {capabilities=[{appium:Udid=f3a09c5c, appium:appActivity=com.divum.ibn.ui.basescreen.views.MainActivity, appium:appPackage=com.divum.ibn, appium:autoGrantPermissions=true, appium:automationName=uiautomator2, appium:deviceName=realme 12 Pro 5G, appium:ignoreHiddenApiPolicyError=true, appium:noReset=true, platformName=ANDROID}], desiredCapabilities=Capabilities {Udid: f3a09c5c, appActivity: com.divum.ibn.ui.basescreen..., appPackage: com.divum.ibn, autoGrantPermissions: true, automationName: uiautomator2, deviceName: realme 12 Pro 5G, ignoreHiddenApiPolicyError: true, noReset: true, platformName: ANDROID}}]
Capabilities {Udid: f3a09c5c, appActivity: com.divum.ibn.ui.basescreen..., appPackage: com.divum.ibn, autoGrantPermissions: true, automationName: uiautomator2, deviceName: realme 12 Pro 5G, ignoreHiddenApiPolicyError: true, noReset: true, platformName: ANDROID}
at org.openqa.selenium.remote.ProtocolHandshake.createSession(ProtocolHandshake.java:140)
at java.base/jdk.internal.reflect.DirectMethodHandleAccessor.invoke(DirectMethodHandleAccessor.java:103)
at java.base/java.lang.reflect.Method.invoke(Method.java:580)
at io.appium.java_client.remote.AppiumProtocolHandshake.createSession(AppiumProtocolHandshake.java:133)
at io.appium.java_client.remote.AppiumProtocolHandshake.createSession(AppiumProtocolHandshake.java:102)
at io.appium.java_client.remote.AppiumCommandExecutor.createSession(AppiumCommandExecutor.java:182)
at io.appium.java_client.remote.AppiumCommandExecutor.execute(AppiumCommandExecutor.java:250)
at org.openqa.selenium.remote.RemoteWebDriver.execute(RemoteWebDriver.java:602)
at io.appium.java_client.AppiumDriver.startSession(AppiumDriver.java:274)
at org.openqa.selenium.remote.RemoteWebDriver.<init>(RemoteWebDriver.java:163)
at io.appium.java_client.AppiumDriver.<init>(AppiumDriver.java:89)
at io.appium.java_client.AppiumDriver.<init>(AppiumDriver.java:101)
at io.appium.java_client.android.AndroidDriver.<init>(AndroidDriver.java:113)
at Utilities.BaseClass.launchApp(BaseClass.java:58)
at java.base/jdk.internal.reflect.DirectMethodHandleAccessor.invoke(DirectMethodHandleAccessor.java:103)
at java.base/java.lang.reflect.Method.invoke(Method.java:580)
at org.testng.internal.MethodInvocationHelper.invokeMethod(MethodInvocationHelper.java:133)
at org.testng.internal.MethodInvocationHelper.invokeMethodConsideringTimeout(MethodInvocationHelper.java:62)
at org.testng.internal.ConfigInvoker.invokeConfigurationMethod(ConfigInvoker.java:385)
at org.testng.internal.ConfigInvoker.invokeConfigurations(ConfigInvoker.java:321)
at org.testng.internal.TestMethodWorker.invokeBeforeClassMethods(TestMethodWorker.java:176)
at org.testng.internal.TestMethodWorker.run(TestMethodWorker.java:122)
at java.base/java.util.ArrayList.forEach(ArrayList.java:1596)
at org.testng.TestRunner.privateRun(TestRunner.java:794)
at org.testng.TestRunner.run(TestRunner.java:596)
at org.testng.SuiteRunner.runTest(SuiteRunner.java:377)
at org.testng.SuiteRunner.runSequentially(SuiteRunner.java:371)
at org.testng.SuiteRunner.privateRun(SuiteRunner.java:332)
at org.testng.SuiteRunner.run(SuiteRunner.java:276)
at org.testng.SuiteRunnerWorker.runSuite(SuiteRunnerWorker.java:53)
at org.testng.SuiteRunnerWorker.run(SuiteRunnerWorker.java:96)
at org.testng.TestNG.runSuitesSequentially(TestNG.java:1212)
at org.testng.TestNG.runSuitesLocally(TestNG.java:1134)
at org.testng.TestNG.runSuites(TestNG.java:1063)
at org.testng.TestNG.run(TestNG.java:1031)
at org.testng.remote.AbstractRemoteTestNG.run(AbstractRemoteTestNG.java:115)
at org.testng.remote.RemoteTestNG.initAndRun(RemoteTestNG.java:293)
at org.testng.remote.RemoteTestNG.main(RemoteTestNG.java:91)
]]>
            </full-stacktrace>
          </exception> <!-- org.openqa.selenium.SessionNotCreatedException -->
          <reporter-output>
          </reporter-output>
        </test-method> <!-- test1 -->
        <test-method is-config="true" signature="closeApp()[pri:0, instance:com.appium.news18.Scenario1@f09733f]" started-at="2025-05-02T16:12:59 IST" name="closeApp" finished-at="1970-01-01T05:30:00 IST" duration-ms="-1746182579578" status="SKIP">
          <reporter-output>
          </reporter-output>
        </test-method> <!-- closeApp -->
        <test-method is-config="true" signature="stopServer()[pri:0, instance:com.appium.news18.Scenario1@f09733f]" started-at="2025-05-02T16:12:59 IST" name="stopServer" finished-at="2025-05-02T16:12:59 IST" duration-ms="2" status="FAIL">
          <exception class="java.lang.NullPointerException">
            <message>
              <![CDATA[Cannot invoke "io.appium.java_client.service.local.AppiumDriverLocalService.stop()" because "this.service" is null]]>
            </message>
            <full-stacktrace>
              <![CDATA[java.lang.NullPointerException: Cannot invoke "io.appium.java_client.service.local.AppiumDriverLocalService.stop()" because "this.service" is null
at Utilities.BaseClass.stopServer(BaseClass.java:74)
at java.base/jdk.internal.reflect.DirectMethodHandleAccessor.invoke(DirectMethodHandleAccessor.java:103)
at java.base/java.lang.reflect.Method.invoke(Method.java:580)
at org.testng.internal.MethodInvocationHelper.invokeMethod(MethodInvocationHelper.java:133)
at org.testng.internal.MethodInvocationHelper.invokeMethodConsideringTimeout(MethodInvocationHelper.java:62)
at org.testng.internal.ConfigInvoker.invokeConfigurationMethod(ConfigInvoker.java:385)
at org.testng.internal.ConfigInvoker.invokeConfigurations(ConfigInvoker.java:321)
at org.testng.SuiteRunner.privateRun(SuiteRunner.java:344)
at org.testng.SuiteRunner.run(SuiteRunner.java:276)
at org.testng.SuiteRunnerWorker.runSuite(SuiteRunnerWorker.java:53)
at org.testng.SuiteRunnerWorker.run(SuiteRunnerWorker.java:96)
at org.testng.TestNG.runSuitesSequentially(TestNG.java:1212)
at org.testng.TestNG.runSuitesLocally(TestNG.java:1134)
at org.testng.TestNG.runSuites(TestNG.java:1063)
at org.testng.TestNG.run(TestNG.java:1031)
at org.testng.remote.AbstractRemoteTestNG.run(AbstractRemoteTestNG.java:115)
at org.testng.remote.RemoteTestNG.initAndRun(RemoteTestNG.java:293)
at org.testng.remote.RemoteTestNG.main(RemoteTestNG.java:91)
]]>
            </full-stacktrace>
          </exception> <!-- java.lang.NullPointerException -->
          <reporter-output>
          </reporter-output>
        </test-method> <!-- stopServer -->
      </class> <!-- com.appium.news18.Scenario1 -->
    </test> <!-- Default test -->
  </suite> <!-- Default suite -->
</testng-results>
