<?xml version="1.0" encoding="UTF-8"?>
<!-- Generated by org.testng.reporters.JUnitXMLReporter -->
<testsuite ignored="0" hostname="DESKTOP-23IQLTI" failures="0" tests="4" name="Test" time="0.046" errors="0" timestamp="03 Mar 2025 05:42:34 GMT">
  <testcase classname="pac1.ContactTest" name="createContactTest" time="0.009"/>
  <testcase classname="pac1.ContactTest" name="modifyContactTest" time="0.0"/>
  <testcase classname="pac2.OrgTest" name="createOrgTest" time="0.001"/>
  <testcase classname="pac2.OrgTest" name="modifyOrgTest" time="0.001"/>
</testsuite> <!-- Test -->
