<?xml version="1.0" encoding="UTF-8"?>
<!-- Generated by org.testng.reporters.JUnitXMLReporter -->
<testsuite ignored="0" hostname="DESKTOP-23IQLTI" failures="0" tests="1" name="Default test" time="2.333" errors="0" timestamp="2025-05-02T16:12:59 IST">
  <testcase classname="Utilities.BaseClass" name="@BeforeClass launchApp" time="2.228">
    <failure type="org.openqa.selenium.SessionNotCreatedException" message="Could not start a new session. Response code 500. Message: An unknown server-side error occurred while processing the command. Original error: Neither ANDROID_HOME nor ANDROID_SDK_ROOT environment variable was exported. Read https://developer.android.com/studio/command-line/variables for more details 
Host info: host: &amp;apos;DESKTOP-23IQLTI&amp;apos;, ip: &amp;apos;10.10.20.229&amp;apos;
Build info: version: &amp;apos;4.13.0&amp;apos;, revision: &amp;apos;ba948ece5b*&amp;apos;
System info: os.name: &amp;apos;Windows 10&amp;apos;, os.arch: &amp;apos;amd64&amp;apos;, os.version: &amp;apos;10.0&amp;apos;, java.version: &amp;apos;21.0.4&amp;apos;
Driver info: io.appium.java_client.android.AndroidDriver
Command: [null, newSession {capabilities=[{appium:Udid=f3a09c5c, appium:appActivity=com.divum.ibn.ui.basescreen.views.MainActivity, appium:appPackage=com.divum.ibn, appium:autoGrantPermissions=true, appium:automationName=uiautomator2, appium:deviceName=realme 12 Pro 5G, appium:ignoreHiddenApiPolicyError=true, appium:noReset=true, platformName=ANDROID}], desiredCapabilities=Capabilities {Udid: f3a09c5c, appActivity: com.divum.ibn.ui.basescreen..., appPackage: com.divum.ibn, autoGrantPermissions: true, automationName: uiautomator2, deviceName: realme 12 Pro 5G, ignoreHiddenApiPolicyError: true, noReset: true, platformName: ANDROID}}]
Capabilities {Udid: f3a09c5c, appActivity: com.divum.ibn.ui.basescreen..., appPackage: com.divum.ibn, autoGrantPermissions: true, automationName: uiautomator2, deviceName: realme 12 Pro 5G, ignoreHiddenApiPolicyError: true, noReset: true, platformName: ANDROID}">
      <![CDATA[org.openqa.selenium.SessionNotCreatedException: Could not start a new session. Response code 500. Message: An unknown server-side error occurred while processing the command. Original error: Neither ANDROID_HOME nor ANDROID_SDK_ROOT environment variable was exported. Read https://developer.android.com/studio/command-line/variables for more details 
Host info: host: 'DESKTOP-23IQLTI', ip: '10.10.20.229'
Build info: version: '4.13.0', revision: 'ba948ece5b*'
System info: os.name: 'Windows 10', os.arch: 'amd64', os.version: '10.0', java.version: '21.0.4'
Driver info: io.appium.java_client.android.AndroidDriver
Command: [null, newSession {capabilities=[{appium:Udid=f3a09c5c, appium:appActivity=com.divum.ibn.ui.basescreen.views.MainActivity, appium:appPackage=com.divum.ibn, appium:autoGrantPermissions=true, appium:automationName=uiautomator2, appium:deviceName=realme 12 Pro 5G, appium:ignoreHiddenApiPolicyError=true, appium:noReset=true, platformName=ANDROID}], desiredCapabilities=Capabilities {Udid: f3a09c5c, appActivity: com.divum.ibn.ui.basescreen..., appPackage: com.divum.ibn, autoGrantPermissions: true, automationName: uiautomator2, deviceName: realme 12 Pro 5G, ignoreHiddenApiPolicyError: true, noReset: true, platformName: ANDROID}}]
Capabilities {Udid: f3a09c5c, appActivity: com.divum.ibn.ui.basescreen..., appPackage: com.divum.ibn, autoGrantPermissions: true, automationName: uiautomator2, deviceName: realme 12 Pro 5G, ignoreHiddenApiPolicyError: true, noReset: true, platformName: ANDROID}
at org.openqa.selenium.remote.ProtocolHandshake.createSession(ProtocolHandshake.java:140)
at java.base/jdk.internal.reflect.DirectMethodHandleAccessor.invoke(DirectMethodHandleAccessor.java:103)
at java.base/java.lang.reflect.Method.invoke(Method.java:580)
at io.appium.java_client.remote.AppiumProtocolHandshake.createSession(AppiumProtocolHandshake.java:133)
at io.appium.java_client.remote.AppiumProtocolHandshake.createSession(AppiumProtocolHandshake.java:102)
at io.appium.java_client.remote.AppiumCommandExecutor.createSession(AppiumCommandExecutor.java:182)
at io.appium.java_client.remote.AppiumCommandExecutor.execute(AppiumCommandExecutor.java:250)
at org.openqa.selenium.remote.RemoteWebDriver.execute(RemoteWebDriver.java:602)
at io.appium.java_client.AppiumDriver.startSession(AppiumDriver.java:274)
at org.openqa.selenium.remote.RemoteWebDriver.<init>(RemoteWebDriver.java:163)
at io.appium.java_client.AppiumDriver.<init>(AppiumDriver.java:89)
at io.appium.java_client.AppiumDriver.<init>(AppiumDriver.java:101)
at io.appium.java_client.android.AndroidDriver.<init>(AndroidDriver.java:113)
at Utilities.BaseClass.launchApp(BaseClass.java:58)
at java.base/jdk.internal.reflect.DirectMethodHandleAccessor.invoke(DirectMethodHandleAccessor.java:103)
at java.base/java.lang.reflect.Method.invoke(Method.java:580)
at org.testng.internal.MethodInvocationHelper.invokeMethod(MethodInvocationHelper.java:133)
at org.testng.internal.MethodInvocationHelper.invokeMethodConsideringTimeout(MethodInvocationHelper.java:62)
at org.testng.internal.ConfigInvoker.invokeConfigurationMethod(ConfigInvoker.java:385)
at org.testng.internal.ConfigInvoker.invokeConfigurations(ConfigInvoker.java:321)
at org.testng.internal.TestMethodWorker.invokeBeforeClassMethods(TestMethodWorker.java:176)
at org.testng.internal.TestMethodWorker.run(TestMethodWorker.java:122)
at java.base/java.util.ArrayList.forEach(ArrayList.java:1596)
at org.testng.TestRunner.privateRun(TestRunner.java:794)
at org.testng.TestRunner.run(TestRunner.java:596)
at org.testng.SuiteRunner.runTest(SuiteRunner.java:377)
at org.testng.SuiteRunner.runSequentially(SuiteRunner.java:371)
at org.testng.SuiteRunner.privateRun(SuiteRunner.java:332)
at org.testng.SuiteRunner.run(SuiteRunner.java:276)
at org.testng.SuiteRunnerWorker.runSuite(SuiteRunnerWorker.java:53)
at org.testng.SuiteRunnerWorker.run(SuiteRunnerWorker.java:96)
at org.testng.TestNG.runSuitesSequentially(TestNG.java:1212)
at org.testng.TestNG.runSuitesLocally(TestNG.java:1134)
at org.testng.TestNG.runSuites(TestNG.java:1063)
at org.testng.TestNG.run(TestNG.java:1031)
at org.testng.remote.AbstractRemoteTestNG.run(AbstractRemoteTestNG.java:115)
at org.testng.remote.RemoteTestNG.initAndRun(RemoteTestNG.java:293)
at org.testng.remote.RemoteTestNG.main(RemoteTestNG.java:91)
]]>
    </failure>
  </testcase> <!-- @BeforeClass launchApp -->
  <testcase classname="Utilities.BaseClass" name="@BeforeMethod configBM" time="-1.746182579559E9">
    <skipped/>
  </testcase> <!-- @BeforeMethod configBM -->
  <testcase classname="Utilities.BaseClass" name="@AfterClass closeApp" time="-1.746182579578E9">
    <skipped/>
  </testcase> <!-- @AfterClass closeApp -->
  <testcase classname="com.appium.news18.Scenario1" name="test1" time="0.0">
    <skipped/>
  </testcase> <!-- test1 -->
</testsuite> <!-- Default test -->
