<?xml version="1.0" encoding="UTF-8"?>
<testng-results ignored="0" total="4" passed="4" failed="0" skipped="0">
  <reporter-output>
  </reporter-output>
  <suite started-at="2025-03-03T05:39:19Z" name="Suite" finished-at="2025-03-03T05:39:19Z" duration-ms="192">
    <groups>
    </groups>
    <test started-at="2025-03-03T05:39:19Z" name="Test" finished-at="2025-03-03T05:39:19Z" duration-ms="192">
      <class name="pac1.ContactTest">
        <test-method signature="createContactTest()[pri:0, instance:pac1.ContactTest@172b013]" started-at="2025-03-03T05:39:19Z" name="createContactTest" finished-at="2025-03-03T05:39:19Z" duration-ms="69" status="PASS">
          <reporter-output>
          </reporter-output>
        </test-method> <!-- createContactTest -->
        <test-method signature="modifyContactTest()[pri:0, instance:pac1.ContactTest@172b013]" started-at="2025-03-03T05:39:19Z" name="modifyContactTest" finished-at="2025-03-03T05:39:19Z" duration-ms="18" status="PASS">
          <reporter-output>
          </reporter-output>
        </test-method> <!-- modifyContactTest -->
      </class> <!-- pac1.ContactTest -->
      <class name="pac2.OrgTest">
        <test-method signature="createOrgTest()[pri:0, instance:pac2.OrgTest@56673b2c]" started-at="2025-03-03T05:39:19Z" name="createOrgTest" finished-at="2025-03-03T05:39:19Z" duration-ms="5" status="PASS">
          <reporter-output>
          </reporter-output>
        </test-method> <!-- createOrgTest -->
        <test-method signature="modifyOrgTest()[pri:0, instance:pac2.OrgTest@56673b2c]" started-at="2025-03-03T05:39:19Z" name="modifyOrgTest" finished-at="2025-03-03T05:39:19Z" duration-ms="7" status="PASS">
          <reporter-output>
          </reporter-output>
        </test-method> <!-- modifyOrgTest -->
      </class> <!-- pac2.OrgTest -->
    </test> <!-- Test -->
  </suite> <!-- Suite -->
</testng-results>
